d:\qt\qtspace\qt5demo\qt5demo\debug\qt5demo.pch
d:\qt\qtspace\qt5demo\qt5demo\debug\vc120.pdb
d:\qt\qtspace\qt5demo\qt5demo\debug\stdafx.obj
d:\qt\qtspace\qt5demo\qt5demo\debug\application.obj
d:\qt\qtspace\qt5demo\qt5demo\debug\moc_sdkcallback.obj
d:\qt\qtspace\qt5demo\qt5demo\debug\moc_itemtextmsg.obj
d:\qt\qtspace\qt5demo\qt5demo\debug\moc_itemsoundmsg.obj
d:\qt\qtspace\qt5demo\qt5demo\debug\moc_itemimagemsg.obj
d:\qt\qtspace\qt5demo\qt5demo\debug\moc_itemhttpmsg.obj
d:\qt\qtspace\qt5demo\qt5demo\debug\moc_imagedowner.obj
d:\qt\qtspace\qt5demo\qt5demo\debug\moc_idwadapter.obj
d:\qt\qtspace\qt5demo\qt5demo\debug\moc_dqwindow.obj
d:\qt\qtspace\qt5demo\qt5demo\debug\moc_dqtitle.obj
d:\qt\qtspace\qt5demo\qt5demo\debug\moc_dqloginpage.obj
d:\qt\qtspace\qt5demo\qt5demo\debug\moc_dqloadingpage.obj
d:\qt\qtspace\qt5demo\qt5demo\debug\moc_dqgraylayer.obj
d:\qt\qtspace\qt5demo\qt5demo\debug\moc_dqgifbutton.obj
d:\qt\qtspace\qt5demo\qt5demo\debug\moc_dqfriendlistpage.obj
d:\qt\qtspace\qt5demo\qt5demo\debug\moc_dqflatbutton.obj
d:\qt\qtspace\qt5demo\qt5demo\debug\moc_dqcodepage.obj
d:\qt\qtspace\qt5demo\qt5demo\debug\moc_chatwidget.obj
d:\qt\qtspace\qt5demo\qt5demo\debug\moc_appcallback.obj
d:\qt\qtspace\qt5demo\qt5demo\debug\moc_animation.obj
d:\qt\qtspace\qt5demo\qt5demo\debug\itemtitlemsg.obj
d:\qt\qtspace\qt5demo\qt5demo\debug\itemtextmsg.obj
d:\qt\qtspace\qt5demo\qt5demo\debug\itemsoundmsg.obj
d:\qt\qtspace\qt5demo\qt5demo\debug\itemmsgbase.obj
d:\qt\qtspace\qt5demo\qt5demo\debug\itemimagemsg.obj
d:\qt\qtspace\qt5demo\qt5demo\debug\itemhttpmsg.obj
d:\qt\qtspace\qt5demo\qt5demo\debug\main.obj
d:\qt\qtspace\qt5demo\qt5demo\debug\imagedowner.obj
d:\qt\qtspace\qt5demo\qt5demo\debug\idwadapter.obj
d:\qt\qtspace\qt5demo\qt5demo\debug\dqwindow.obj
d:\qt\qtspace\qt5demo\qt5demo\debug\dqtitle.obj
d:\qt\qtspace\qt5demo\qt5demo\debug\dqloginpage.obj
d:\qt\qtspace\qt5demo\qt5demo\debug\dqloadingpage.obj
d:\qt\qtspace\qt5demo\qt5demo\debug\dqgraylayer.obj
d:\qt\qtspace\qt5demo\qt5demo\debug\dqgifbutton.obj
d:\qt\qtspace\qt5demo\qt5demo\debug\dqfriendlistpage.obj
d:\qt\qtspace\qt5demo\qt5demo\debug\dqflatbutton.obj
d:\qt\qtspace\qt5demo\qt5demo\debug\dqcodepage.obj
d:\qt\qtspace\qt5demo\qt5demo\debug\chatwidget.obj
d:\qt\qtspace\qt5demo\qt5demo\debug\animation.obj
d:\qt\qtspace\qt5demo\qt5demo\debug\ttsdkadapter.obj
d:\qt\qtspace\qt5demo\qt5demo\debug\connectcallback.obj
d:\qt\qtspace\qt5demo\qt5demo\debug\appcallback.obj
d:\qt\qtspace\qt5demo\qt5demo\debug\sdkcallback.obj
d:\qt\qtspace\qt5demo\qt5demo\debug\ninepatchimage.obj
d:\qt\qtspace\qt5demo\qt5demo\debug\qrc_qt5demo.obj
d:\qt\qtspace\qt5demo\qt5demo\generatedfiles\debug\moc_appcallback.cpp
d:\qt\qtspace\qt5demo\qt5demo\generatedfiles\debug\moc_sdkcallback.cpp
d:\qt\qtspace\qt5demo\qt5demo\generatedfiles\debug\moc_dqfriendlistpage.cpp
d:\qt\qtspace\qt5demo\qt5demo\generatedfiles\debug\moc_dqflatbutton.cpp
d:\qt\qtspace\qt5demo\qt5demo\generatedfiles\debug\moc_dqcodepage.cpp
d:\qt\qtspace\qt5demo\qt5demo\generatedfiles\debug\moc_chatwidget.cpp
d:\qt\qtspace\qt5demo\qt5demo\generatedfiles\debug\moc_itemimagemsg.cpp
d:\qt\qtspace\qt5demo\qt5demo\generatedfiles\debug\moc_itemhttpmsg.cpp
d:\qt\qtspace\qt5demo\qt5demo\generatedfiles\debug\moc_itemtextmsg.cpp
d:\qt\qtspace\qt5demo\qt5demo\generatedfiles\debug\moc_itemsoundmsg.cpp
d:\qt\qtspace\qt5demo\qt5demo\generatedfiles\debug\moc_idwadapter.cpp
d:\qt\qtspace\qt5demo\qt5demo\generatedfiles\debug\moc_imagedowner.cpp
d:\qt\qtspace\qt5demo\qt5demo\generatedfiles\debug\moc_dqgraylayer.cpp
d:\qt\qtspace\qt5demo\qt5demo\generatedfiles\debug\moc_dqloadingpage.cpp
d:\qt\qtspace\qt5demo\qt5demo\generatedfiles\debug\moc_dqwindow.cpp
d:\qt\qtspace\qt5demo\qt5demo\generatedfiles\debug\moc_dqtitle.cpp
d:\qt\qtspace\qt5demo\qt5demo\generatedfiles\debug\moc_dqloginpage.cpp
d:\qt\qtspace\qt5demo\qt5demo\generatedfiles\debug\moc_dqgifbutton.cpp
d:\qt\qtspace\qt5demo\qt5demo\generatedfiles\debug\moc_animation.cpp
d:\qt\qtspace\qt5demo\qt5demo\generatedfiles\qrc_qt5demo.cpp
d:\qt\qtspace\qt5demo\win32\debug\qt5demo.ilk
d:\qt\qtspace\qt5demo\win32\debug\qt5demo.exe
d:\qt\qtspace\qt5demo\win32\debug\qt5demo.pdb
d:\qt\qtspace\qt5demo\qt5demo\debug\qt5demo.tlog\cl.command.1.tlog
d:\qt\qtspace\qt5demo\qt5demo\debug\qt5demo.tlog\cl.read.1.tlog
d:\qt\qtspace\qt5demo\qt5demo\debug\qt5demo.tlog\cl.write.1.tlog
d:\qt\qtspace\qt5demo\qt5demo\debug\qt5demo.tlog\custombuild.command.1.tlog
d:\qt\qtspace\qt5demo\qt5demo\debug\qt5demo.tlog\custombuild.read.1.tlog
d:\qt\qtspace\qt5demo\qt5demo\debug\qt5demo.tlog\custombuild.write.1.tlog
d:\qt\qtspace\qt5demo\qt5demo\debug\qt5demo.tlog\link.command.1.tlog
d:\qt\qtspace\qt5demo\qt5demo\debug\qt5demo.tlog\link.read.1.tlog
d:\qt\qtspace\qt5demo\qt5demo\debug\qt5demo.tlog\link.write.1.tlog
